C51 COMPILER V9.60.7.0   ADC                                                               08/01/2024 18:42:10 PAGE 1   


C51 COMPILER V9.60.7.0, COMPILATION OF MODULE ADC
OBJECT MODULE PLACED IN .\output\adc.obj
COMPILER INVOKED BY: C:\Users\CNCYCUI\OneDrive - ABB\Keil_v5\C51\BIN\C51.EXE source\adc.c OPTIMIZE(8,SPEED) BROWSE DEBUG
                    - OBJECTEXTEND PRINT(.\Listings\adc.lst) TABS(2) OBJECT(.\output\adc.obj)

line level    source

   1          #include "adc.h"
   2          
   3          void ADC_Init(void)
   4          {
   5   1          P1M1 |= 0x07;  // P1.0, P1.1, P1.2 for ADC
   6   1          P1M0 |= 0x00;  // P1.0, P1.1, P1.2 for ADC
   7   1          P1ASF = 0x07;                   //set p1 for adc
   8   1          ADC_RES = 0;                   //clear high 8 bit
   9   1          
  10   1          CLK_DIV = 0x00;    // set ADC clock
  11   1          AUXR1 |= 0x08;     // ADC fast work mode
  12   1          
  13   1          ADC_CONTR = ADC_POWER | ADC_SPEEDLL;
  14   1          ADC_CONTR |= 0x40; //enable adc
  15   1          delay_1ms(2);                       //ADC 
  16   1      }
  17          
  18          // Read ADC 
  19          unsigned int ADC_Read(unsigned char channel) 
  20          {
  21   1          ADC_CONTR = (ADC_CONTR & 0xF8)|(channel & 0x07)|ADC_START; // init ADC cmp,change channel
  22   1          _nop_();                       
  23   1          _nop_(); 
  24   1          _nop_(); 
  25   1          _nop_(); 
  26   1          while (!(ADC_CONTR & ADC_FLAG));     //waiting CMP
  27   1          ADC_CONTR &= ~ADC_FLAG;                  // clear the finish flag
  28   1          return ADC_RES; //return 8 bit.
  29   1      }


MODULE INFORMATION:   STATIC OVERLAYABLE
   CODE SIZE        =     56    ----
   CONSTANT SIZE    =   ----    ----
   XDATA SIZE       =   ----    ----
   PDATA SIZE       =   ----    ----
   DATA SIZE        =   ----    ----
   IDATA SIZE       =   ----    ----
   BIT SIZE         =   ----    ----
END OF MODULE INFORMATION.


C51 COMPILATION COMPLETE.  0 WARNING(S),  0 ERROR(S)
